<?xml version="1.0" encoding="UTF-8"?>
<!-- Generated by org.testng.reporters.JUnitReportReporter -->
<testsuite hostname="Lenovo-PC" failures="0" tests="2" name="com.neopane.tests.LoginTest" time="99.147" errors="0" timestamp="2024-03-27T14:08:16 IST" skipped="0">
  <testcase classname="com.neopane.tests.LoginTest" name="test2" time="49.576"/>
  <system-out/>
  <testcase classname="com.neopane.tests.LoginTest" name="test1" time="49.571"/>
  <system-out/>
</testsuite> <!-- com.neopane.tests.LoginTest -->
