<?xml version="1.0" encoding="UTF-8"?>
<!-- Generated by org.testng.reporters.JUnitReportReporter -->
<testsuite hostname="Lenovo-PC" failures="0" tests="2" name="com.neopane.tests.OrangeHomeTest" time="73.686" errors="0" timestamp="2024-04-02T11:58:40 IST" skipped="0">
  <testcase classname="com.neopane.tests.OrangeHomeTest" name="loginlogoutTest" time="36.843"/>
  <system-out/>
  <testcase classname="com.neopane.tests.OrangeHomeTest" name="loginlogoutTest" time="36.843"/>
  <system-out/>
</testsuite> <!-- com.neopane.tests.OrangeHomeTest -->
