<?xml version="1.0" encoding="UTF-8"?>
<!-- Generated by org.testng.reporters.JUnitReportReporter -->
<testsuite hostname="Lenovo-PC" failures="0" tests="1" name="com.neopane.tests.OrangeHomeTest" time="29.212" errors="0" timestamp="2024-04-02T18:03:45 IST" skipped="0">
  <testcase classname="com.neopane.tests.OrangeHomeTest" name="loginlogoutTest" time="29.212"/>
  <system-out/>
</testsuite> <!-- com.neopane.tests.OrangeHomeTest -->
