<?xml version="1.0" encoding="UTF-8"?>
<!-- Generated by org.testng.reporters.JUnitReportReporter -->
<testsuite hostname="Lenovo-PC" failures="0" tests="1" name="com.neopane.tests.LoginPage" time="25.393" errors="0" timestamp="2024-03-27T10:54:45 IST" skipped="0">
  <testcase classname="com.neopane.tests.LoginPage" name="test1" time="25.393"/>
  <system-out/>
</testsuite> <!-- com.neopane.tests.LoginPage -->
