<?xml version="1.0" encoding="UTF-8"?>
<!-- Generated by org.testng.reporters.JUnitReportReporter -->
<testsuite hostname="Lenovo-PC" failures="0" tests="1" name="com.neopane.tests.OrangeHomeTest" time="20.383" errors="0" timestamp="2024-04-04T12:10:28 IST" skipped="0">
  <testcase classname="com.neopane.tests.OrangeHomeTest" name="loginlogoutTest" time="20.383"/>
  <system-out/>
</testsuite> <!-- com.neopane.tests.OrangeHomeTest -->
